{
  "stats": {
    "suites": 1,
    "tests": 3,
    "passes": 3,
    "pending": 0,
    "failures": 0,
    "start": "2025-06-09T23:25:15.075Z",
    "end": "2025-06-09T23:25:15.941Z",
    "duration": 866,
    "testsRegistered": 3,
    "passPercent": 100,
    "pendingPercent": 0,
    "other": 0,
    "hasOther": false,
    "skipped": 0,
    "hasSkipped": false
  },
  "results": [
    {
      "uuid": "e7d5f5a8-31a1-427b-8ab0-a04e89bb49bf",
      "title": "",
      "fullFile": "cypress\\e2e\\features\\invalid_api_key.feature",
      "file": "cypress\\e2e\\features\\invalid_api_key.feature",
      "beforeHooks": [],
      "afterHooks": [],
      "tests": [],
      "suites": [
        {
          "uuid": "9a5d1eeb-80c8-40f6-be5a-f79107a05e29",
          "title": "OpenWeather API - Invalid API Key",
          "fullFile": "",
          "file": "",
          "beforeHooks": [],
          "afterHooks": [],
          "tests": [
            {
              "title": "Invalid API Key (example #1)",
              "fullTitle": "OpenWeather API - Invalid API Key Invalid API Key (example #1)",
              "timedOut": null,
              "duration": 315,
              "state": "passed",
              "speed": "fast",
              "pass": true,
              "fail": false,
              "pending": false,
              "context": null,
              "code": "const state = window.testState;\nreturn cy\n  .then(() => state.onStartScenario(scenario, indexedSteps))\n  .then(() =>\n    resolveAndRunBeforeHooks.call(this, scenario.tags, state.feature.name)\n  )\n  .then(() =>\n    indexedSteps.forEach((step) =>\n      stepTest.call(this, state, step, rowData)\n    )\n  )\n  .then(() => state.onFinishScenario(scenario));",
              "err": {},
              "uuid": "4488e443-3892-46f3-b42a-def0dad9ef46",
              "parentUUID": "9a5d1eeb-80c8-40f6-be5a-f79107a05e29",
              "isHook": false,
              "skipped": false
            },
            {
              "title": "Invalid API Key (example #2)",
              "fullTitle": "OpenWeather API - Invalid API Key Invalid API Key (example #2)",
              "timedOut": null,
              "duration": 216,
              "state": "passed",
              "speed": "fast",
              "pass": true,
              "fail": false,
              "pending": false,
              "context": null,
              "code": "const state = window.testState;\nreturn cy\n  .then(() => state.onStartScenario(scenario, indexedSteps))\n  .then(() =>\n    resolveAndRunBeforeHooks.call(this, scenario.tags, state.feature.name)\n  )\n  .then(() =>\n    indexedSteps.forEach((step) =>\n      stepTest.call(this, state, step, rowData)\n    )\n  )\n  .then(() => state.onFinishScenario(scenario));",
              "err": {},
              "uuid": "cfc14da6-ed85-4fdc-a690-b54e7b6198eb",
              "parentUUID": "9a5d1eeb-80c8-40f6-be5a-f79107a05e29",
              "isHook": false,
              "skipped": false
            },
            {
              "title": "Invalid API Key (example #3)",
              "fullTitle": "OpenWeather API - Invalid API Key Invalid API Key (example #3)",
              "timedOut": null,
              "duration": 215,
              "state": "passed",
              "speed": "fast",
              "pass": true,
              "fail": false,
              "pending": false,
              "context": null,
              "code": "const state = window.testState;\nreturn cy\n  .then(() => state.onStartScenario(scenario, indexedSteps))\n  .then(() =>\n    resolveAndRunBeforeHooks.call(this, scenario.tags, state.feature.name)\n  )\n  .then(() =>\n    indexedSteps.forEach((step) =>\n      stepTest.call(this, state, step, rowData)\n    )\n  )\n  .then(() => state.onFinishScenario(scenario));",
              "err": {},
              "uuid": "9d682fe3-f943-4da1-afb5-b108ca1c0662",
              "parentUUID": "9a5d1eeb-80c8-40f6-be5a-f79107a05e29",
              "isHook": false,
              "skipped": false
            }
          ],
          "suites": [],
          "passes": [
            "4488e443-3892-46f3-b42a-def0dad9ef46",
            "cfc14da6-ed85-4fdc-a690-b54e7b6198eb",
            "9d682fe3-f943-4da1-afb5-b108ca1c0662"
          ],
          "failures": [],
          "pending": [],
          "skipped": [],
          "duration": 746,
          "root": false,
          "rootEmpty": false,
          "_timeout": 2000
        }
      ],
      "passes": [],
      "failures": [],
      "pending": [],
      "skipped": [],
      "duration": 0,
      "root": true,
      "rootEmpty": true,
      "_timeout": 2000
    }
  ],
  "meta": {
    "mocha": {
      "version": "7.2.0"
    },
    "mochawesome": {
      "options": {
        "quiet": false,
        "reportFilename": "mochawesome",
        "saveHtml": true,
        "saveJson": true,
        "consoleReporter": "spec",
        "useInlineDiffs": false,
        "code": true
      },
      "version": "7.1.3"
    },
    "marge": {
      "options": {
        "reportDir": "cypress/reports/mochawesome",
        "overwrite": false,
        "html": true,
        "json": true
      },
      "version": "6.2.0"
    }
  }
}