{
  "stats": {
    "suites": 1,
    "tests": 3,
    "passes": 3,
    "pending": 0,
    "failures": 0,
    "start": "2025-06-09T23:25:01.789Z",
    "end": "2025-06-09T23:25:03.176Z",
    "duration": 1387,
    "testsRegistered": 3,
    "passPercent": 100,
    "pendingPercent": 0,
    "other": 0,
    "hasOther": false,
    "skipped": 0,
    "hasSkipped": false
  },
  "results": [
    {
      "uuid": "56129872-57dc-409f-975f-ff1e5d6fa417",
      "title": "",
      "fullFile": "cypress\\e2e\\features\\getweather_by_city.feature",
      "file": "cypress\\e2e\\features\\getweather_by_city.feature",
      "beforeHooks": [],
      "afterHooks": [],
      "tests": [],
      "suites": [
        {
          "uuid": "994a55ec-8d7e-4a65-bd27-be77316b669a",
          "title": "OpenWeather API - City",
          "fullFile": "",
          "file": "",
          "beforeHooks": [],
          "afterHooks": [],
          "tests": [
            {
              "title": "Get the weather for a 'London' (example #1)",
              "fullTitle": "OpenWeather API - City Get the weather for a 'London' (example #1)",
              "timedOut": null,
              "duration": 838,
              "state": "passed",
              "speed": "fast",
              "pass": true,
              "fail": false,
              "pending": false,
              "context": null,
              "code": "const state = window.testState;\nreturn cy\n  .then(() => state.onStartScenario(scenario, indexedSteps))\n  .then(() =>\n    resolveAndRunBeforeHooks.call(this, scenario.tags, state.feature.name)\n  )\n  .then(() =>\n    indexedSteps.forEach((step) =>\n      stepTest.call(this, state, step, rowData)\n    )\n  )\n  .then(() => state.onFinishScenario(scenario));",
              "err": {},
              "uuid": "f9a9702c-3ba0-4d4c-af42-e0c4919dbc6b",
              "parentUUID": "994a55ec-8d7e-4a65-bd27-be77316b669a",
              "isHook": false,
              "skipped": false
            },
            {
              "title": "Get the weather for a 'Buenos Aires' (example #2)",
              "fullTitle": "OpenWeather API - City Get the weather for a 'Buenos Aires' (example #2)",
              "timedOut": null,
              "duration": 215,
              "state": "passed",
              "speed": "fast",
              "pass": true,
              "fail": false,
              "pending": false,
              "context": null,
              "code": "const state = window.testState;\nreturn cy\n  .then(() => state.onStartScenario(scenario, indexedSteps))\n  .then(() =>\n    resolveAndRunBeforeHooks.call(this, scenario.tags, state.feature.name)\n  )\n  .then(() =>\n    indexedSteps.forEach((step) =>\n      stepTest.call(this, state, step, rowData)\n    )\n  )\n  .then(() => state.onFinishScenario(scenario));",
              "err": {},
              "uuid": "1e6ba5d8-ef44-44da-a6f9-e856457ac653",
              "parentUUID": "994a55ec-8d7e-4a65-bd27-be77316b669a",
              "isHook": false,
              "skipped": false
            },
            {
              "title": "Get the weather for a 'Rio de Janeiro' (example #3)",
              "fullTitle": "OpenWeather API - City Get the weather for a 'Rio de Janeiro' (example #3)",
              "timedOut": null,
              "duration": 218,
              "state": "passed",
              "speed": "fast",
              "pass": true,
              "fail": false,
              "pending": false,
              "context": null,
              "code": "const state = window.testState;\nreturn cy\n  .then(() => state.onStartScenario(scenario, indexedSteps))\n  .then(() =>\n    resolveAndRunBeforeHooks.call(this, scenario.tags, state.feature.name)\n  )\n  .then(() =>\n    indexedSteps.forEach((step) =>\n      stepTest.call(this, state, step, rowData)\n    )\n  )\n  .then(() => state.onFinishScenario(scenario));",
              "err": {},
              "uuid": "c278a478-7086-4e4d-98c4-78a50935bd81",
              "parentUUID": "994a55ec-8d7e-4a65-bd27-be77316b669a",
              "isHook": false,
              "skipped": false
            }
          ],
          "suites": [],
          "passes": [
            "f9a9702c-3ba0-4d4c-af42-e0c4919dbc6b",
            "1e6ba5d8-ef44-44da-a6f9-e856457ac653",
            "c278a478-7086-4e4d-98c4-78a50935bd81"
          ],
          "failures": [],
          "pending": [],
          "skipped": [],
          "duration": 1271,
          "root": false,
          "rootEmpty": false,
          "_timeout": 2000
        }
      ],
      "passes": [],
      "failures": [],
      "pending": [],
      "skipped": [],
      "duration": 0,
      "root": true,
      "rootEmpty": true,
      "_timeout": 2000
    }
  ],
  "meta": {
    "mocha": {
      "version": "7.2.0"
    },
    "mochawesome": {
      "options": {
        "quiet": false,
        "reportFilename": "mochawesome",
        "saveHtml": true,
        "saveJson": true,
        "consoleReporter": "spec",
        "useInlineDiffs": false,
        "code": true
      },
      "version": "7.1.3"
    },
    "marge": {
      "options": {
        "reportDir": "cypress/reports/mochawesome",
        "overwrite": false,
        "html": true,
        "json": true
      },
      "version": "6.2.0"
    }
  }
}